<?xml version="1.0" encoding="UTF-8"?>
<coverage generated="1633357287237" clover="3.2.0">
  <project timestamp="1633357287237" name="All files">
    <metrics statements="32" coveredstatements="32" conditionals="14" coveredconditionals="14" methods="4" coveredmethods="4" elements="50" coveredelements="50" complexity="0" loc="32" ncloc="32" packages="1" files="1" classes="1"/>
    <file name="fizzbuzz.js" path="C:\Users\Andrea\Contacts\Documents\Programacion\Ejercicios\fizzbuzz\fizzbuzz.js">
      <metrics statements="32" coveredstatements="32" conditionals="14" coveredconditionals="14" methods="4" coveredmethods="4"/>
      <line num="1" count="20" type="cond" truecount="1" falsecount="0"/>
      <line num="2" count="20" type="stmt"/>
      <line num="3" count="20" type="cond" truecount="1" falsecount="0"/>
      <line num="4" count="20" type="stmt"/>
      <line num="5" count="20" type="cond" truecount="1" falsecount="0"/>
      <line num="6" count="20" type="stmt"/>
      <line num="7" count="20" type="cond" truecount="1" falsecount="0"/>
      <line num="8" count="1" type="stmt"/>
      <line num="9" count="1" type="stmt"/>
      <line num="10" count="20" type="cond" truecount="3" falsecount="0"/>
      <line num="11" count="3" type="stmt"/>
      <line num="12" count="3" type="stmt"/>
      <line num="13" count="20" type="cond" truecount="2" falsecount="0"/>
      <line num="14" count="5" type="stmt"/>
      <line num="15" count="5" type="stmt"/>
      <line num="16" count="20" type="cond" truecount="2" falsecount="0"/>
      <line num="17" count="3" type="stmt"/>
      <line num="18" count="3" type="stmt"/>
      <line num="19" count="8" type="cond" truecount="1" falsecount="0"/>
      <line num="20" count="8" type="stmt"/>
      <line num="21" count="1" type="stmt"/>
      <line num="22" count="1" type="cond" truecount="1" falsecount="0"/>
      <line num="23" count="1" type="stmt"/>
      <line num="24" count="1" type="stmt"/>
      <line num="25" count="1" type="stmt"/>
      <line num="26" count="1" type="cond" truecount="1" falsecount="0"/>
      <line num="27" count="16" type="stmt"/>
      <line num="28" count="16" type="stmt"/>
      <line num="29" count="1" type="stmt"/>
      <line num="30" count="1" type="stmt"/>
      <line num="31" count="1" type="stmt"/>
      <line num="32" count="1" type="stmt"/>
    </file>
  </project>
</coverage>
