{"C:\\Users\\Andrea\\Contacts\\Documents\\Programacion\\Ejercicios\\fizzbuzz\\fizzbuzz.js": {"path":"C:\\Users\\Andrea\\Contacts\\Documents\\Programacion\\Ejercicios\\fizzbuzz\\fizzbuzz.js","all":false,"statementMap":{"0":{"start":{"line":1,"column":0},"end":{"line":1,"column":24}},"1":{"start":{"line":2,"column":0},"end":{"line":2,"column":0}},"2":{"start":{"line":3,"column":0},"end":{"line":3,"column":52}},"3":{"start":{"line":4,"column":0},"end":{"line":4,"column":0}},"4":{"start":{"line":5,"column":0},"end":{"line":5,"column":53}},"5":{"start":{"line":6,"column":0},"end":{"line":6,"column":0}},"6":{"start":{"line":7,"column":0},"end":{"line":7,"column":23}},"7":{"start":{"line":8,"column":0},"end":{"line":8,"column":17}},"8":{"start":{"line":9,"column":0},"end":{"line":9,"column":3}},"9":{"start":{"line":10,"column":0},"end":{"line":10,"column":39}},"10":{"start":{"line":11,"column":0},"end":{"line":11,"column":22}},"11":{"start":{"line":12,"column":0},"end":{"line":12,"column":3}},"12":{"start":{"line":13,"column":0},"end":{"line":13,"column":26}},"13":{"start":{"line":14,"column":0},"end":{"line":14,"column":18}},"14":{"start":{"line":15,"column":0},"end":{"line":15,"column":3}},"15":{"start":{"line":16,"column":0},"end":{"line":16,"column":26}},"16":{"start":{"line":17,"column":0},"end":{"line":17,"column":18}},"17":{"start":{"line":18,"column":0},"end":{"line":18,"column":3}},"18":{"start":{"line":19,"column":0},"end":{"line":19,"column":13}},"19":{"start":{"line":20,"column":0},"end":{"line":20,"column":1}},"20":{"start":{"line":21,"column":0},"end":{"line":21,"column":0}},"21":{"start":{"line":22,"column":0},"end":{"line":22,"column":21}},"22":{"start":{"line":23,"column":0},"end":{"line":23,"column":0}},"23":{"start":{"line":24,"column":0},"end":{"line":24,"column":27}},"24":{"start":{"line":25,"column":0},"end":{"line":25,"column":0}},"25":{"start":{"line":26,"column":0},"end":{"line":26,"column":34}},"26":{"start":{"line":27,"column":0},"end":{"line":27,"column":47}},"27":{"start":{"line":28,"column":0},"end":{"line":28,"column":3}},"28":{"start":{"line":29,"column":0},"end":{"line":29,"column":23}},"29":{"start":{"line":30,"column":0},"end":{"line":30,"column":1}},"30":{"start":{"line":31,"column":0},"end":{"line":31,"column":0}},"31":{"start":{"line":32,"column":0},"end":{"line":32,"column":35}}},"s":{"0":20,"1":20,"2":20,"3":20,"4":20,"5":20,"6":20,"7":1,"8":1,"9":20,"10":3,"11":3,"12":20,"13":5,"14":5,"15":20,"16":3,"17":3,"18":8,"19":8,"20":1,"21":1,"22":1,"23":1,"24":1,"25":1,"26":16,"27":16,"28":1,"29":1,"30":1,"31":1},"branchMap":{"0":{"type":"branch","line":1,"loc":{"start":{"line":1,"column":0},"end":{"line":20,"column":1}},"locations":[{"start":{"line":1,"column":0},"end":{"line":20,"column":1}}]},"1":{"type":"branch","line":7,"loc":{"start":{"line":7,"column":22},"end":{"line":9,"column":3}},"locations":[{"start":{"line":7,"column":22},"end":{"line":9,"column":3}}]},"2":{"type":"branch","line":10,"loc":{"start":{"line":10,"column":-2},"end":{"line":10,"column":9}},"locations":[{"start":{"line":10,"column":-2},"end":{"line":10,"column":9}}]},"3":{"type":"branch","line":10,"loc":{"start":{"line":10,"column":6},"end":{"line":10,"column":38}},"locations":[{"start":{"line":10,"column":6},"end":{"line":10,"column":38}}]},"4":{"type":"branch","line":10,"loc":{"start":{"line":10,"column":38},"end":{"line":12,"column":3}},"locations":[{"start":{"line":10,"column":38},"end":{"line":12,"column":3}}]},"5":{"type":"branch","line":13,"loc":{"start":{"line":13,"column":-2},"end":{"line":13,"column":6}},"locations":[{"start":{"line":13,"column":-2},"end":{"line":13,"column":6}}]},"6":{"type":"branch","line":13,"loc":{"start":{"line":13,"column":25},"end":{"line":15,"column":3}},"locations":[{"start":{"line":13,"column":25},"end":{"line":15,"column":3}}]},"7":{"type":"branch","line":16,"loc":{"start":{"line":16,"column":-2},"end":{"line":16,"column":6}},"locations":[{"start":{"line":16,"column":-2},"end":{"line":16,"column":6}}]},"8":{"type":"branch","line":16,"loc":{"start":{"line":16,"column":25},"end":{"line":18,"column":3}},"locations":[{"start":{"line":16,"column":25},"end":{"line":18,"column":3}}]},"9":{"type":"branch","line":19,"loc":{"start":{"line":19,"column":-2},"end":{"line":20,"column":1}},"locations":[{"start":{"line":19,"column":-2},"end":{"line":20,"column":1}}]},"10":{"type":"branch","line":3,"loc":{"start":{"line":3,"column":20},"end":{"line":3,"column":52}},"locations":[{"start":{"line":3,"column":20},"end":{"line":3,"column":52}}]},"11":{"type":"branch","line":5,"loc":{"start":{"line":5,"column":20},"end":{"line":5,"column":53}},"locations":[{"start":{"line":5,"column":20},"end":{"line":5,"column":53}}]},"12":{"type":"branch","line":22,"loc":{"start":{"line":22,"column":0},"end":{"line":30,"column":1}},"locations":[{"start":{"line":22,"column":0},"end":{"line":30,"column":1}}]},"13":{"type":"branch","line":26,"loc":{"start":{"line":26,"column":33},"end":{"line":28,"column":3}},"locations":[{"start":{"line":26,"column":33},"end":{"line":28,"column":3}}]}},"b":{"0":[20],"1":[1],"2":[19],"3":[8],"4":[3],"5":[16],"6":[5],"7":[11],"8":[3],"9":[8],"10":[27],"11":[20],"12":[1],"13":[16]},"fnMap":{"0":{"name":"fizzbuzz","decl":{"start":{"line":1,"column":0},"end":{"line":20,"column":1}},"loc":{"start":{"line":1,"column":0},"end":{"line":20,"column":1}},"line":1},"1":{"name":"divisible","decl":{"start":{"line":3,"column":20},"end":{"line":3,"column":52}},"loc":{"start":{"line":3,"column":20},"end":{"line":3,"column":52}},"line":3},"2":{"name":"isNumber","decl":{"start":{"line":5,"column":20},"end":{"line":5,"column":53}},"loc":{"start":{"line":5,"column":20},"end":{"line":5,"column":53}},"line":5},"3":{"name":"count","decl":{"start":{"line":22,"column":0},"end":{"line":30,"column":1}},"loc":{"start":{"line":22,"column":0},"end":{"line":30,"column":1}},"line":22}},"f":{"0":20,"1":27,"2":20,"3":1}}
}
