TN:
SF:fizzbuzz.js
FN:1,fizzbuzz
FN:3,divisible
FN:5,isNumber
FN:22,count
FNF:4
FNH:4
FNDA:20,fizzbuzz
FNDA:27,divisible
FNDA:20,isNumber
FNDA:1,count
DA:1,20
DA:2,20
DA:3,20
DA:4,20
DA:5,20
DA:6,20
DA:7,20
DA:8,1
DA:9,1
DA:10,20
DA:11,3
DA:12,3
DA:13,20
DA:14,5
DA:15,5
DA:16,20
DA:17,3
DA:18,3
DA:19,8
DA:20,8
DA:21,1
DA:22,1
DA:23,1
DA:24,1
DA:25,1
DA:26,1
DA:27,16
DA:28,16
DA:29,1
DA:30,1
DA:31,1
DA:32,1
LF:32
LH:32
BRDA:1,0,0,20
BRDA:7,1,0,1
BRDA:10,2,0,19
BRDA:10,3,0,8
BRDA:10,4,0,3
BRDA:13,5,0,16
BRDA:13,6,0,5
BRDA:16,7,0,11
BRDA:16,8,0,3
BRDA:19,9,0,8
BRDA:3,10,0,27
BRDA:5,11,0,20
BRDA:22,12,0,1
BRDA:26,13,0,16
BRF:14
BRH:14
end_of_record
